<?xml version="1.0" encoding="UTF-8"?>
<!-- Generated by org.testng.reporters.JUnitReportReporter -->
<testsuite skipped="0" hostname="DESKTOP-FVP1BCF" name="com.selenium.SalesforceE2E.E2ESFDCTest" tests="8" failures="0" timestamp="23 Jul 2019 01:08:26 GMT" time="293.248" errors="0">
  <testcase name="launchURL" time="10.387" classname="com.selenium.SalesforceE2E.E2ESFDCTest"/>
  <testcase name="Tc1_login" time="26.581" classname="com.selenium.SalesforceE2E.E2ESFDCTest"/>
  <testcase name="Tc2_LoginError" time="14.362" classname="com.selenium.SalesforceE2E.E2ESFDCTest"/>
  <testcase name="Tc3_CheckRememberMe" time="53.708" classname="com.selenium.SalesforceE2E.E2ESFDCTest"/>
  <testcase name="Tc4A_ForgotPassword" time="17.683" classname="com.selenium.SalesforceE2E.E2ESFDCTest"/>
  <testcase name="Tc4B_ValidateLoginErrorMessage" time="21.014" classname="com.selenium.SalesforceE2E.E2ESFDCTest"/>
  <testcase name="Tc08_DeveloperConsole" time="55.652" classname="com.selenium.SalesforceE2E.E2ESFDCTest"/>
  <testcase name="Tc07_MySettings" time="93.861" classname="com.selenium.SalesforceE2E.E2ESFDCTest"/>
</testsuite> <!-- com.selenium.SalesforceE2E.E2ESFDCTest -->
