<?xml version="1.0" encoding="UTF-8"?>
<!-- Generated by org.testng.reporters.JUnitReportReporter -->
<testsuite skipped="0" hostname="DESKTOP-FVP1BCF" name="com.selenium.SalesforceE2E.E2ESFDCTest" tests="7" failures="0" timestamp="21 Jul 2019 06:48:46 GMT" time="155.730" errors="0">
  <testcase name="launchURL" time="7.715" classname="com.selenium.SalesforceE2E.E2ESFDCTest"/>
  <testcase name="Tc1_login" time="22.917" classname="com.selenium.SalesforceE2E.E2ESFDCTest"/>
  <testcase name="Tc2_LoginError" time="11.894" classname="com.selenium.SalesforceE2E.E2ESFDCTest"/>
  <testcase name="Tc3_CheckRememberMe" time="31.732" classname="com.selenium.SalesforceE2E.E2ESFDCTest"/>
  <testcase name="Tc4A_ForgotPassword" time="15.336" classname="com.selenium.SalesforceE2E.E2ESFDCTest"/>
  <testcase name="Tc4B_ValidateLoginErrorMessage" time="16.998" classname="com.selenium.SalesforceE2E.E2ESFDCTest"/>
  <testcase name="Tc08_DeveloperConsole" time="49.138" classname="com.selenium.SalesforceE2E.E2ESFDCTest"/>
</testsuite> <!-- com.selenium.SalesforceE2E.E2ESFDCTest -->
