<?xml version="1.0" encoding="UTF-8"?>
<!-- Generated by org.testng.reporters.JUnitReportReporter -->
<testsuite skipped="0" hostname="DESKTOP-FVP1BCF" name="com.selenium.SalesforceE2E.E2ESFDCTest" tests="6" failures="0" timestamp="18 Jul 2019 18:00:13 GMT" time="126.978" errors="0">
  <testcase name="launchURL" time="12.244" classname="com.selenium.SalesforceE2E.E2ESFDCTest"/>
  <testcase name="Tc1_login" time="25.784" classname="com.selenium.SalesforceE2E.E2ESFDCTest"/>
  <testcase name="Tc2_LoginError" time="14.270" classname="com.selenium.SalesforceE2E.E2ESFDCTest"/>
  <testcase name="TC3_CheckRememberMe" time="35.013" classname="com.selenium.SalesforceE2E.E2ESFDCTest"/>
  <testcase name="TC4A_ForgotPassword" time="19.575" classname="com.selenium.SalesforceE2E.E2ESFDCTest"/>
  <testcase name="TC4B_ValidateLoginErrorMessage" time="20.092" classname="com.selenium.SalesforceE2E.E2ESFDCTest"/>
</testsuite> <!-- com.selenium.SalesforceE2E.E2ESFDCTest -->
