<?xml version="1.0" encoding="UTF-8"?>
<!-- Generated by org.testng.reporters.JUnitReportReporter -->
<testsuite skipped="0" hostname="DESKTOP-FVP1BCF" name="com.selenium.SalesforceE2E.E2ESFDCTest" tests="7" failures="0" timestamp="21 Jul 2019 07:17:31 GMT" time="175.966" errors="0">
  <testcase name="launchURL" time="7.714" classname="com.selenium.SalesforceE2E.E2ESFDCTest"/>
  <testcase name="Tc1_login" time="22.080" classname="com.selenium.SalesforceE2E.E2ESFDCTest"/>
  <testcase name="Tc2_LoginError" time="12.135" classname="com.selenium.SalesforceE2E.E2ESFDCTest"/>
  <testcase name="Tc3_CheckRememberMe" time="31.939" classname="com.selenium.SalesforceE2E.E2ESFDCTest"/>
  <testcase name="Tc4A_ForgotPassword" time="15.075" classname="com.selenium.SalesforceE2E.E2ESFDCTest"/>
  <testcase name="Tc4B_ValidateLoginErrorMessage" time="16.456" classname="com.selenium.SalesforceE2E.E2ESFDCTest"/>
  <testcase name="Tc08_DeveloperConsole" time="70.567" classname="com.selenium.SalesforceE2E.E2ESFDCTest"/>
</testsuite> <!-- com.selenium.SalesforceE2E.E2ESFDCTest -->
