<?xml version="1.0" encoding="UTF-8"?>
<!-- Generated by org.testng.reporters.JUnitReportReporter -->
<testsuite skipped="0" hostname="DESKTOP-FVP1BCF" name="com.selenium.SalesforceE2E.E2ESFDCTest" tests="6" failures="0" timestamp="19 Jul 2019 20:52:24 GMT" time="125.052" errors="0">
  <testcase name="launchURL" time="10.653" classname="com.selenium.SalesforceE2E.E2ESFDCTest"/>
  <testcase name="Tc1_login" time="24.547" classname="com.selenium.SalesforceE2E.E2ESFDCTest"/>
  <testcase name="Tc2_LoginError" time="14.561" classname="com.selenium.SalesforceE2E.E2ESFDCTest"/>
  <testcase name="TC3_CheckRememberMe" time="37.168" classname="com.selenium.SalesforceE2E.E2ESFDCTest"/>
  <testcase name="TC4A_ForgotPassword" time="18.713" classname="com.selenium.SalesforceE2E.E2ESFDCTest"/>
  <testcase name="TC4B_ValidateLoginErrorMessage" time="19.410" classname="com.selenium.SalesforceE2E.E2ESFDCTest"/>
</testsuite> <!-- com.selenium.SalesforceE2E.E2ESFDCTest -->
